[INFO] Scanning for projects...
[INFO] 
[INFO] ------------------------< com.kuet:mini-market >------------------------
[INFO] Building mini-market 0.0.1-SNAPSHOT
[INFO]   from pom.xml
[INFO] --------------------------------[ jar ]---------------------------------
[INFO] 
[INFO] >>> spring-boot:4.0.3:run (default-cli) > test-compile @ mini-market >>>
[INFO] 
[INFO] --- resources:3.3.1:resources (default-resources) @ mini-market ---
[INFO] Copying 1 resource from src\main\resources to target\classes
[INFO] Copying 0 resource from src\main\resources to target\classes
[INFO] 
[INFO] --- compiler:3.14.1:compile (default-compile) @ mini-market ---
[INFO] Nothing to compile - all classes are up to date.
[INFO] 
[INFO] --- resources:3.3.1:testResources (default-testResources) @ mini-market ---
[INFO] Copying 1 resource from src\test\resources to target\test-classes
[INFO] 
[INFO] --- compiler:3.14.1:testCompile (default-testCompile) @ mini-market ---
[INFO] Nothing to compile - all classes are up to date.
[INFO] 
[INFO] <<< spring-boot:4.0.3:run (default-cli) < test-compile @ mini-market <<<
[INFO] 
[INFO] 
[INFO] --- spring-boot:4.0.3:run (default-cli) @ mini-market ---
[INFO] Attaching agents: []

  .   ____          _            __ _ _
 /\\ / ___'_ __ _ _(_)_ __  __ _ \ \ \ \
( ( )\___ | '_ | '_| | '_ \/ _` | \ \ \ \
 \\/  ___)| |_)| | | | | || (_| |  ) ) ) )
  '  |____| .__|_| |_|_| |_\__, | / / / /
 =========|_|==============|___/=/_/_/_/

 :: Spring Boot ::                (v4.0.3)

2026-03-09T04:50:24.414+06:00  INFO 21220 --- [mini-market] [  restartedMain] c.kuet.minimarket.MiniMarketApplication  : Starting MiniMarketApplication using Java 17.0.17 with PID 21220 (D:\Projects\kuet-mini-market\target\classes started by USER in D:\Projects\kuet-mini-market)
2026-03-09T04:50:24.418+06:00  INFO 21220 --- [mini-market] [  restartedMain] c.kuet.minimarket.MiniMarketApplication  : No active profile set, falling back to 1 default profile: "default"
2026-03-09T04:50:24.456+06:00  INFO 21220 --- [mini-market] [  restartedMain] .e.DevToolsPropertyDefaultsPostProcessor : Devtools property defaults active! Set 'spring.devtools.add-properties' to 'false' to disable
2026-03-09T04:50:24.456+06:00  INFO 21220 --- [mini-market] [  restartedMain] .e.DevToolsPropertyDefaultsPostProcessor : For additional web related logging consider setting the 'logging.level.web' property to 'DEBUG'
2026-03-09T04:50:24.937+06:00  INFO 21220 --- [mini-market] [  restartedMain] .s.d.r.c.RepositoryConfigurationDelegate : Bootstrapping Spring Data JPA repositories in DEFAULT mode.
2026-03-09T04:50:24.976+06:00  INFO 21220 --- [mini-market] [  restartedMain] .s.d.r.c.RepositoryConfigurationDelegate : Finished Spring Data repository scanning in 32 ms. Found 2 JPA repository interfaces.
2026-03-09T04:50:25.448+06:00  INFO 21220 --- [mini-market] [  restartedMain] o.s.boot.tomcat.TomcatWebServer          : Tomcat initialized with port 8080 (http)
2026-03-09T04:50:25.459+06:00  INFO 21220 --- [mini-market] [  restartedMain] o.apache.catalina.core.StandardService   : Starting service [Tomcat]
2026-03-09T04:50:25.459+06:00  INFO 21220 --- [mini-market] [  restartedMain] o.apache.catalina.core.StandardEngine    : Starting Servlet engine: [Apache Tomcat/11.0.18]
2026-03-09T04:50:25.497+06:00  INFO 21220 --- [mini-market] [  restartedMain] b.w.c.s.WebApplicationContextInitializer : Root WebApplicationContext: initialization completed in 1040 ms
2026-03-09T04:50:25.633+06:00  INFO 21220 --- [mini-market] [  restartedMain] org.hibernate.orm.jpa                    : HHH008540: Processing PersistenceUnitInfo [name: default]
2026-03-09T04:50:25.663+06:00  INFO 21220 --- [mini-market] [  restartedMain] org.hibernate.orm.core                   : HHH000001: Hibernate ORM core version 7.2.4.Final
2026-03-09T04:50:25.944+06:00  INFO 21220 --- [mini-market] [  restartedMain] o.s.o.j.p.SpringPersistenceUnitInfo      : No LoadTimeWeaver setup: ignoring JPA class transformer
2026-03-09T04:50:25.965+06:00  INFO 21220 --- [mini-market] [  restartedMain] com.zaxxer.hikari.HikariDataSource       : HikariPool-1 - Starting...
2026-03-09T04:50:26.107+06:00  INFO 21220 --- [mini-market] [  restartedMain] com.zaxxer.hikari.pool.HikariPool        : HikariPool-1 - Added connection org.postgresql.jdbc.PgConnection@451f45d4
2026-03-09T04:50:26.108+06:00  INFO 21220 --- [mini-market] [  restartedMain] com.zaxxer.hikari.HikariDataSource       : HikariPool-1 - Start completed.
2026-03-09T04:50:26.162+06:00  INFO 21220 --- [mini-market] [  restartedMain] org.hibernate.orm.connections.pooling    : HHH10001005: Database info:
	Database JDBC URL [jdbc:postgresql://localhost:5432/kuet-mini-market]
	Database driver: PostgreSQL JDBC Driver
	Database dialect: PostgreSQLDialect
	Database version: 18.1
	Default catalog/schema: kuet-mini-market/public
	Autocommit mode: undefined/unknown
	Isolation level: READ_COMMITTED [default READ_COMMITTED]
	JDBC fetch size: none
	Pool: DataSourceConnectionProvider
	Minimum pool size: undefined/unknown
	Maximum pool size: undefined/unknown
2026-03-09T04:50:26.898+06:00  INFO 21220 --- [mini-market] [  restartedMain] org.hibernate.orm.core                   : HHH000489: No JTA platform available (set 'hibernate.transaction.jta.platform' to enable JTA platform integration)
Hibernate: create table roles (id bigint generated by default as identity, name varchar(20) not null check ((name in ('ADMIN','SELLER','BUYER'))), primary key (id))
Hibernate: create table user_roles (user_id bigint not null, role_id bigint not null, primary key (user_id, role_id))
Hibernate: create table users (id bigint generated by default as identity, created_at timestamp(6) with time zone, email varchar(255) not null, enabled boolean not null, full_name varchar(255) not null, password varchar(255) not null, updated_at timestamp(6) with time zone, primary key (id))
Hibernate: alter table if exists roles drop constraint if exists UKofx66keruapi6vyqpv6f2or37
2026-03-09T04:50:26.967+06:00  WARN 21220 --- [mini-market] [  restartedMain] org.hibernate.orm.jdbc.warn              : HHH000247: ErrorCode: 0, SQLState: 00000
2026-03-09T04:50:26.967+06:00  WARN 21220 --- [mini-market] [  restartedMain] org.hibernate.orm.jdbc.warn              : constraint "ukofx66keruapi6vyqpv6f2or37" of relation "roles" does not exist, skipping
Hibernate: alter table if exists roles add constraint UKofx66keruapi6vyqpv6f2or37 unique (name)
Hibernate: alter table if exists users drop constraint if exists UK6dotkott2kjsp8vw4d0m25fb7
2026-03-09T04:50:26.969+06:00  WARN 21220 --- [mini-market] [  restartedMain] org.hibernate.orm.jdbc.warn              : HHH000247: ErrorCode: 0, SQLState: 00000
2026-03-09T04:50:26.969+06:00  WARN 21220 --- [mini-market] [  restartedMain] org.hibernate.orm.jdbc.warn              : constraint "uk6dotkott2kjsp8vw4d0m25fb7" of relation "users" does not exist, skipping
Hibernate: alter table if exists users add constraint UK6dotkott2kjsp8vw4d0m25fb7 unique (email)
Hibernate: alter table if exists user_roles add constraint FKh8ciramu9cc9q3qcqiv4ue8a6 foreign key (role_id) references roles
Hibernate: alter table if exists user_roles add constraint FKhfh9dx7w3ubf1co1vdev94g3f foreign key (user_id) references users
2026-03-09T04:50:26.977+06:00  INFO 21220 --- [mini-market] [  restartedMain] j.LocalContainerEntityManagerFactoryBean : Initialized JPA EntityManagerFactory for persistence unit 'default'
2026-03-09T04:50:27.039+06:00  INFO 21220 --- [mini-market] [  restartedMain] o.s.d.j.r.query.QueryEnhancerFactories   : Hibernate is in classpath; If applicable, HQL parser will be used.
2026-03-09T04:50:27.194+06:00  INFO 21220 --- [mini-market] [  restartedMain] r$InitializeUserDetailsManagerConfigurer : Global AuthenticationManager configured with UserDetailsService bean with name customUserDetailsService
2026-03-09T04:50:27.225+06:00  WARN 21220 --- [mini-market] [  restartedMain] JpaBaseConfiguration$JpaWebConfiguration : spring.jpa.open-in-view is enabled by default. Therefore, database queries may be performed during view rendering. Explicitly configure spring.jpa.open-in-view to disable this warning
2026-03-09T04:50:27.539+06:00  WARN 21220 --- [mini-market] [  restartedMain] ion$DefaultTemplateResolverConfiguration : Cannot find template location: classpath:/templates/ (please add some templates, check your Thymeleaf configuration, or set spring.thymeleaf.check-template-location=false)
2026-03-09T04:50:27.638+06:00  WARN 21220 --- [mini-market] [  restartedMain] ConfigServletWebServerApplicationContext : Exception encountered during context initialization - cancelling refresh attempt: org.springframework.context.ApplicationContextException: Failed to start bean 'webServerStartStop'
2026-03-09T04:50:27.640+06:00  INFO 21220 --- [mini-market] [  restartedMain] j.LocalContainerEntityManagerFactoryBean : Closing JPA EntityManagerFactory for persistence unit 'default'
2026-03-09T04:50:27.642+06:00  INFO 21220 --- [mini-market] [  restartedMain] com.zaxxer.hikari.HikariDataSource       : HikariPool-1 - Shutdown initiated...
2026-03-09T04:50:27.645+06:00  INFO 21220 --- [mini-market] [  restartedMain] com.zaxxer.hikari.HikariDataSource       : HikariPool-1 - Shutdown completed.
2026-03-09T04:50:27.656+06:00  INFO 21220 --- [mini-market] [  restartedMain] .s.b.a.l.ConditionEvaluationReportLogger : 

Error starting ApplicationContext. To display the condition evaluation report re-run your application with 'debug' enabled.
2026-03-09T04:50:27.667+06:00 ERROR 21220 --- [mini-market] [  restartedMain] o.s.b.d.LoggingFailureAnalysisReporter   : 

***************************
APPLICATION FAILED TO START
***************************

Description:

Web server failed to start. Port 8080 was already in use.

Action:

Identify and stop the process that's listening on port 8080 or configure this application to listen on another port.

[INFO] ------------------------------------------------------------------------
[INFO] BUILD SUCCESS
[INFO] ------------------------------------------------------------------------
[INFO] Total time:  5.702 s
[INFO] Finished at: 2026-03-09T04:50:27+06:00
[INFO] ------------------------------------------------------------------------
